INFO: [VRFC 10-2263] Analyzing Verilog file "C:/Users/yanha/Desktop/Vivado project/project_1_3_mux4x1.block_design/Users/yanha/Desktop/Vivado project/input_output_ports_2_notgate/input_output_ports_2_notgate.srcs/sources_1/new/notgate_2.v" into library xil_defaultlib
INFO: [VRFC 10-311] analyzing module notgate_2
INFO: [VRFC 10-2263] Analyzing Verilog file "C:/Users/yanha/Desktop/Vivado project/project_1_3_mux4x1.block_design/project_1_3_mux4x1.block_design.ip_user_files/bd/mux4x1_block/ip/mux4x1_block_notgate_2_0_0/sim/mux4x1_block_notgate_2_0_0.v" into library xil_defaultlib
INFO: [VRFC 10-311] analyzing module mux4x1_block_notgate_2_0_0
INFO: [VRFC 10-2263] Analyzing Verilog file "C:/Users/yanha/Desktop/Vivado project/project_1_3_mux4x1.block_design/Users/yanha/Desktop/Vivado project/project_1_1_basic gates/project_1_1_basic gates.srcs/sources_1/new/andgate.v" into library xil_defaultlib
INFO: [VRFC 10-311] analyzing module andgate
INFO: [VRFC 10-2263] Analyzing Verilog file "C:/Users/yanha/Desktop/Vivado project/project_1_3_mux4x1.block_design/project_1_3_mux4x1.block_design.ip_user_files/bd/mux4x1_block/ip/mux4x1_block_andgate_0_0/sim/mux4x1_block_andgate_0_0.v" into library xil_defaultlib
INFO: [VRFC 10-311] analyzing module mux4x1_block_andgate_0_0
INFO: [VRFC 10-2263] Analyzing Verilog file "C:/Users/yanha/Desktop/Vivado project/project_1_3_mux4x1.block_design/project_1_3_mux4x1.block_design.ip_user_files/bd/mux4x1_block/ip/mux4x1_block_andgate_1_0/sim/mux4x1_block_andgate_1_0.v" into library xil_defaultlib
INFO: [VRFC 10-311] analyzing module mux4x1_block_andgate_1_0
INFO: [VRFC 10-2263] Analyzing Verilog file "C:/Users/yanha/Desktop/Vivado project/project_1_3_mux4x1.block_design/project_1_3_mux4x1.block_design.ip_user_files/bd/mux4x1_block/ip/mux4x1_block_andgate_2_0/sim/mux4x1_block_andgate_2_0.v" into library xil_defaultlib
INFO: [VRFC 10-311] analyzing module mux4x1_block_andgate_2_0
INFO: [VRFC 10-2263] Analyzing Verilog file "C:/Users/yanha/Desktop/Vivado project/project_1_3_mux4x1.block_design/project_1_3_mux4x1.block_design.ip_user_files/bd/mux4x1_block/ip/mux4x1_block_andgate_3_0/sim/mux4x1_block_andgate_3_0.v" into library xil_defaultlib
INFO: [VRFC 10-311] analyzing module mux4x1_block_andgate_3_0
INFO: [VRFC 10-2263] Analyzing Verilog file "C:/Users/yanha/Desktop/Vivado project/project_1_3_mux4x1.block_design/Users/yanha/Desktop/Vivado project/project_1_orgate/project_1_orgate.srcs/sources_1/new/orgate.v" into library xil_defaultlib
INFO: [VRFC 10-311] analyzing module orgate
INFO: [VRFC 10-2263] Analyzing Verilog file "C:/Users/yanha/Desktop/Vivado project/project_1_3_mux4x1.block_design/project_1_3_mux4x1.block_design.ip_user_files/bd/mux4x1_block/ip/mux4x1_block_orgate_0_0/sim/mux4x1_block_orgate_0_0.v" into library xil_defaultlib
INFO: [VRFC 10-311] analyzing module mux4x1_block_orgate_0_0
INFO: [VRFC 10-2263] Analyzing Verilog file "C:/Users/yanha/Desktop/Vivado project/project_1_3_mux4x1.block_design/project_1_3_mux4x1.block_design.ip_user_files/bd/mux4x1_block/ip/mux4x1_block_orgate_1_0/sim/mux4x1_block_orgate_1_0.v" into library xil_defaultlib
INFO: [VRFC 10-311] analyzing module mux4x1_block_orgate_1_0
INFO: [VRFC 10-2263] Analyzing Verilog file "C:/Users/yanha/Desktop/Vivado project/project_1_3_mux4x1.block_design/project_1_3_mux4x1.block_design.ip_user_files/bd/mux4x1_block/ip/mux4x1_block_andgate_4_0/sim/mux4x1_block_andgate_4_0.v" into library xil_defaultlib
INFO: [VRFC 10-311] analyzing module mux4x1_block_andgate_4_0
INFO: [VRFC 10-2263] Analyzing Verilog file "C:/Users/yanha/Desktop/Vivado project/project_1_3_mux4x1.block_design/project_1_3_mux4x1.block_design.ip_user_files/bd/mux4x1_block/ip/mux4x1_block_andgate_5_0/sim/mux4x1_block_andgate_5_0.v" into library xil_defaultlib
INFO: [VRFC 10-311] analyzing module mux4x1_block_andgate_5_0
INFO: [VRFC 10-2263] Analyzing Verilog file "C:/Users/yanha/Desktop/Vivado project/project_1_3_mux4x1.block_design/project_1_3_mux4x1.block_design.ip_user_files/bd/mux4x1_block/ip/mux4x1_block_andgate_6_0/sim/mux4x1_block_andgate_6_0.v" into library xil_defaultlib
INFO: [VRFC 10-311] analyzing module mux4x1_block_andgate_6_0
INFO: [VRFC 10-2263] Analyzing Verilog file "C:/Users/yanha/Desktop/Vivado project/project_1_3_mux4x1.block_design/project_1_3_mux4x1.block_design.ip_user_files/bd/mux4x1_block/ip/mux4x1_block_andgate_7_0/sim/mux4x1_block_andgate_7_0.v" into library xil_defaultlib
INFO: [VRFC 10-311] analyzing module mux4x1_block_andgate_7_0
INFO: [VRFC 10-2263] Analyzing Verilog file "C:/Users/yanha/Desktop/Vivado project/project_1_3_mux4x1.block_design/project_1_3_mux4x1.block_design.ip_user_files/bd/mux4x1_block/ip/mux4x1_block_andgate_8_0/sim/mux4x1_block_andgate_8_0.v" into library xil_defaultlib
INFO: [VRFC 10-311] analyzing module mux4x1_block_andgate_8_0
INFO: [VRFC 10-2263] Analyzing Verilog file "C:/Users/yanha/Desktop/Vivado project/project_1_3_mux4x1.block_design/project_1_3_mux4x1.block_design.ip_user_files/bd/mux4x1_block/ip/mux4x1_block_andgate_9_0/sim/mux4x1_block_andgate_9_0.v" into library xil_defaultlib
INFO: [VRFC 10-311] analyzing module mux4x1_block_andgate_9_0
INFO: [VRFC 10-2263] Analyzing Verilog file "C:/Users/yanha/Desktop/Vivado project/project_1_3_mux4x1.block_design/project_1_3_mux4x1.block_design.ip_user_files/bd/mux4x1_block/ip/mux4x1_block_andgate_10_0/sim/mux4x1_block_andgate_10_0.v" into library xil_defaultlib
INFO: [VRFC 10-311] analyzing module mux4x1_block_andgate_10_0
INFO: [VRFC 10-2263] Analyzing Verilog file "C:/Users/yanha/Desktop/Vivado project/project_1_3_mux4x1.block_design/project_1_3_mux4x1.block_design.ip_user_files/bd/mux4x1_block/ip/mux4x1_block_andgate_11_0/sim/mux4x1_block_andgate_11_0.v" into library xil_defaultlib
INFO: [VRFC 10-311] analyzing module mux4x1_block_andgate_11_0
INFO: [VRFC 10-2263] Analyzing Verilog file "C:/Users/yanha/Desktop/Vivado project/project_1_3_mux4x1.block_design/project_1_3_mux4x1.block_design.ip_user_files/bd/mux4x1_block/ip/mux4x1_block_orgate_2_0/sim/mux4x1_block_orgate_2_0.v" into library xil_defaultlib
INFO: [VRFC 10-311] analyzing module mux4x1_block_orgate_2_0
INFO: [VRFC 10-2263] Analyzing Verilog file "C:/Users/yanha/Desktop/Vivado project/project_1_3_mux4x1.block_design/project_1_3_mux4x1.block_design.ip_user_files/bd/mux4x1_block/sim/mux4x1_block.v" into library xil_defaultlib
INFO: [VRFC 10-311] analyzing module mux4x1_block
INFO: [VRFC 10-2263] Analyzing Verilog file "C:/Users/yanha/Desktop/Vivado project/project_1_3_mux4x1.block_design/project_1_3_mux4x1.block_design.srcs/sources_1/bd/mux4x1_block/hdl/mux4x1_block_wrapper.v" into library xil_defaultlib
INFO: [VRFC 10-311] analyzing module mux4x1_block_wrapper
INFO: [VRFC 10-2263] Analyzing Verilog file "C:/Users/yanha/Desktop/Vivado project/project_1_3_mux4x1.block_design/project_1_3_mux4x1.block_design.sim/sim_1/behav/xsim/glbl.v" into library xil_defaultlib
INFO: [VRFC 10-311] analyzing module glbl
