
*** Running vivado
    with args -log top32.vds -m64 -product Vivado -mode batch -messageDb vivado.pb -notrace -source top32.tcl


****** Vivado v2018.3 (64-bit)
  **** SW Build 2405991 on Thu Dec  6 23:38:27 MST 2018
  **** IP Build 2404404 on Fri Dec  7 01:43:56 MST 2018
    ** Copyright 1986-2018 Xilinx, Inc. All Rights Reserved.

source top32.tcl -notrace
Command: synth_design -top top32 -part xc7a35tcpg236-1
Starting synth_design
Attempting to get a license for feature 'Synthesis' and/or device 'xc7a35t'
INFO: [Common 17-349] Got license for feature 'Synthesis' and/or device 'xc7a35t'
INFO: Launching helper process for spawning children vivado processes
INFO: Helper process launched with PID 17292 
---------------------------------------------------------------------------------
Starting RTL Elaboration : Time (s): cpu = 00:00:00 ; elapsed = 00:00:01 . Memory (MB): peak = 361.570 ; gain = 93.992
---------------------------------------------------------------------------------
INFO: [Synth 8-6157] synthesizing module 'top32' [C:/Users/yanha/Desktop/Vivado project/project_2_jiajianfaqi/project_2_jiajianfaqi.srcs/sources_1/new/top32.v:3]
INFO: [Synth 8-6157] synthesizing module 'addsub_param' [C:/Users/yanha/Desktop/Vivado project/project_2_jiajianfaqi/project_2_jiajianfaqi.srcs/sources_1/new/addsub_param.v:3]
	Parameter WIDTH bound to: 32 - type: integer 
INFO: [Synth 8-6157] synthesizing module 'full_adder' [C:/Users/yanha/Desktop/Vivado project/project_2_jiajianfaqi/project_2_jiajianfaqi.srcs/sources_1/new/full_adder.v:2]
INFO: [Synth 8-6155] done synthesizing module 'full_adder' (1#1) [C:/Users/yanha/Desktop/Vivado project/project_2_jiajianfaqi/project_2_jiajianfaqi.srcs/sources_1/new/full_adder.v:2]
INFO: [Synth 8-6155] done synthesizing module 'addsub_param' (2#1) [C:/Users/yanha/Desktop/Vivado project/project_2_jiajianfaqi/project_2_jiajianfaqi.srcs/sources_1/new/addsub_param.v:3]
INFO: [Synth 8-6157] synthesizing module 'digit_mux' [C:/Users/yanha/Desktop/Vivado project/project_2_jiajianfaqi/project_2_jiajianfaqi.srcs/sources_1/new/digit_mux.v:3]
INFO: [Synth 8-6157] synthesizing module 'hex7seg' [C:/Users/yanha/Desktop/Vivado project/project_2_jiajianfaqi/project_2_jiajianfaqi.srcs/sources_1/new/hex7seg.v:2]
INFO: [Synth 8-226] default block is never used [C:/Users/yanha/Desktop/Vivado project/project_2_jiajianfaqi/project_2_jiajianfaqi.srcs/sources_1/new/hex7seg.v:7]
INFO: [Synth 8-6155] done synthesizing module 'hex7seg' (3#1) [C:/Users/yanha/Desktop/Vivado project/project_2_jiajianfaqi/project_2_jiajianfaqi.srcs/sources_1/new/hex7seg.v:2]
INFO: [Synth 8-226] default block is never used [C:/Users/yanha/Desktop/Vivado project/project_2_jiajianfaqi/project_2_jiajianfaqi.srcs/sources_1/new/digit_mux.v:38]
INFO: [Synth 8-6155] done synthesizing module 'digit_mux' (4#1) [C:/Users/yanha/Desktop/Vivado project/project_2_jiajianfaqi/project_2_jiajianfaqi.srcs/sources_1/new/digit_mux.v:3]
INFO: [Synth 8-6155] done synthesizing module 'top32' (5#1) [C:/Users/yanha/Desktop/Vivado project/project_2_jiajianfaqi/project_2_jiajianfaqi.srcs/sources_1/new/top32.v:3]
WARNING: [Synth 8-3917] design top32 has port led[15] driven by constant 0
WARNING: [Synth 8-3917] design top32 has port led[14] driven by constant 0
WARNING: [Synth 8-3917] design top32 has port led[13] driven by constant 0
WARNING: [Synth 8-3917] design top32 has port led[12] driven by constant 0
WARNING: [Synth 8-3917] design top32 has port led[11] driven by constant 0
WARNING: [Synth 8-3917] design top32 has port led[10] driven by constant 0
WARNING: [Synth 8-3917] design top32 has port led[9] driven by constant 0
WARNING: [Synth 8-3917] design top32 has port led[8] driven by constant 0
WARNING: [Synth 8-3917] design top32 has port led[7] driven by constant 0
WARNING: [Synth 8-3917] design top32 has port led[6] driven by constant 0
WARNING: [Synth 8-3917] design top32 has port led[5] driven by constant 0
WARNING: [Synth 8-3917] design top32 has port led[4] driven by constant 0
WARNING: [Synth 8-3917] design top32 has port led[3] driven by constant 0
WARNING: [Synth 8-3917] design top32 has port led[2] driven by constant 0
WARNING: [Synth 8-3331] design top32 has unconnected port sw[14]
WARNING: [Synth 8-3331] design top32 has unconnected port sw[13]
WARNING: [Synth 8-3331] design top32 has unconnected port sw[12]
WARNING: [Synth 8-3331] design top32 has unconnected port sw[11]
WARNING: [Synth 8-3331] design top32 has unconnected port sw[10]
WARNING: [Synth 8-3331] design top32 has unconnected port sw[9]
WARNING: [Synth 8-3331] design top32 has unconnected port sw[8]
WARNING: [Synth 8-3331] design top32 has unconnected port btn[3]
WARNING: [Synth 8-3331] design top32 has unconnected port btn[2]
WARNING: [Synth 8-3331] design top32 has unconnected port btn[1]
WARNING: [Synth 8-3331] design top32 has unconnected port btn[0]
---------------------------------------------------------------------------------
Finished RTL Elaboration : Time (s): cpu = 00:00:01 ; elapsed = 00:00:01 . Memory (MB): peak = 417.734 ; gain = 150.156
---------------------------------------------------------------------------------

Report Check Netlist: 
+------+------------------+-------+---------+-------+------------------+
|      |Item              |Errors |Warnings |Status |Description       |
+------+------------------+-------+---------+-------+------------------+
|1     |multi_driven_nets |      0|        0|Passed |Multi driven nets |
+------+------------------+-------+---------+-------+------------------+
---------------------------------------------------------------------------------
Start Handling Custom Attributes
---------------------------------------------------------------------------------
---------------------------------------------------------------------------------
Finished Handling Custom Attributes : Time (s): cpu = 00:00:01 ; elapsed = 00:00:01 . Memory (MB): peak = 417.734 ; gain = 150.156
---------------------------------------------------------------------------------
---------------------------------------------------------------------------------
Finished RTL Optimization Phase 1 : Time (s): cpu = 00:00:01 ; elapsed = 00:00:01 . Memory (MB): peak = 417.734 ; gain = 150.156
---------------------------------------------------------------------------------
INFO: [Device 21-403] Loading part xc7a35tcpg236-1
INFO: [Project 1-570] Preparing netlist for logic optimization

Processing XDC Constraints
Initializing timing engine
Parsing XDC File [C:/Users/yanha/Desktop/Vivado project/project_2_jiajianfaqi/project_2_jiajianfaqi.srcs/constrs_1/new/constraints.xdc]
Finished Parsing XDC File [C:/Users/yanha/Desktop/Vivado project/project_2_jiajianfaqi/project_2_jiajianfaqi.srcs/constrs_1/new/constraints.xdc]
INFO: [Project 1-236] Implementation specific constraints were found while reading constraint file [C:/Users/yanha/Desktop/Vivado project/project_2_jiajianfaqi/project_2_jiajianfaqi.srcs/constrs_1/new/constraints.xdc]. These constraints will be ignored for synthesis but will be used in implementation. Impacted constraints are listed in the file [.Xil/top32_propImpl.xdc].
Resolution: To avoid this warning, move constraints listed in [.Xil/top32_propImpl.xdc] to another XDC file and exclude this new file from synthesis with the used_in_synthesis property (File Properties dialog in GUI) and re-run elaboration/synthesis.
Netlist sorting complete. Time (s): cpu = 00:00:00 ; elapsed = 00:00:00 . Memory (MB): peak = 735.637 ; gain = 0.000
Completed Processing XDC Constraints

Netlist sorting complete. Time (s): cpu = 00:00:00 ; elapsed = 00:00:00 . Memory (MB): peak = 735.637 ; gain = 0.000
INFO: [Project 1-111] Unisim Transformation Summary:
No Unisim elements were transformed.

Netlist sorting complete. Time (s): cpu = 00:00:00 ; elapsed = 00:00:00 . Memory (MB): peak = 735.637 ; gain = 0.000
Constraint Validation Runtime : Time (s): cpu = 00:00:00 ; elapsed = 00:00:00.002 . Memory (MB): peak = 735.637 ; gain = 0.000
---------------------------------------------------------------------------------
Finished Constraint Validation : Time (s): cpu = 00:00:04 ; elapsed = 00:00:06 . Memory (MB): peak = 735.637 ; gain = 468.059
---------------------------------------------------------------------------------
---------------------------------------------------------------------------------
Start Loading Part and Timing Information
---------------------------------------------------------------------------------
Loading part: xc7a35tcpg236-1
---------------------------------------------------------------------------------
Finished Loading Part and Timing Information : Time (s): cpu = 00:00:04 ; elapsed = 00:00:06 . Memory (MB): peak = 735.637 ; gain = 468.059
---------------------------------------------------------------------------------
---------------------------------------------------------------------------------
Start Applying 'set_property' XDC Constraints
---------------------------------------------------------------------------------
---------------------------------------------------------------------------------
Finished applying 'set_property' XDC Constraints : Time (s): cpu = 00:00:04 ; elapsed = 00:00:06 . Memory (MB): peak = 735.637 ; gain = 468.059
---------------------------------------------------------------------------------
---------------------------------------------------------------------------------
Finished RTL Optimization Phase 2 : Time (s): cpu = 00:00:04 ; elapsed = 00:00:06 . Memory (MB): peak = 735.637 ; gain = 468.059
---------------------------------------------------------------------------------

Report RTL Partitions: 
+-+--------------+------------+----------+
| |RTL Partition |Replication |Instances |
+-+--------------+------------+----------+
+-+--------------+------------+----------+
---------------------------------------------------------------------------------
Start RTL Component Statistics 
---------------------------------------------------------------------------------
Detailed RTL Component Info : 
+---XORs : 
	   2 Input     32 Bit         XORs := 1     
	   3 Input      1 Bit         XORs := 32    
	   2 Input      1 Bit         XORs := 1     
+---Muxes : 
	   4 Input      4 Bit        Muxes := 2     
---------------------------------------------------------------------------------
Finished RTL Component Statistics 
---------------------------------------------------------------------------------
---------------------------------------------------------------------------------
Start RTL Hierarchical Component Statistics 
---------------------------------------------------------------------------------
Hierarchical RTL Component report 
Module full_adder 
Detailed RTL Component Info : 
+---XORs : 
	   3 Input      1 Bit         XORs := 1     
Module addsub_param 
Detailed RTL Component Info : 
+---XORs : 
	   2 Input     32 Bit         XORs := 1     
	   2 Input      1 Bit         XORs := 1     
Module digit_mux 
Detailed RTL Component Info : 
+---Muxes : 
	   4 Input      4 Bit        Muxes := 2     
---------------------------------------------------------------------------------
Finished RTL Hierarchical Component Statistics
---------------------------------------------------------------------------------
---------------------------------------------------------------------------------
Start Part Resource Summary
---------------------------------------------------------------------------------
Part Resources:
DSPs: 90 (col length:60)
BRAMs: 100 (col length: RAMB18 60 RAMB36 30)
---------------------------------------------------------------------------------
Finished Part Resource Summary
---------------------------------------------------------------------------------
---------------------------------------------------------------------------------
Start Cross Boundary and Area Optimization
---------------------------------------------------------------------------------
Warning: Parallel synthesis criteria is not met 
WARNING: [Synth 8-3917] design top32 has port led[15] driven by constant 0
WARNING: [Synth 8-3917] design top32 has port led[14] driven by constant 0
WARNING: [Synth 8-3917] design top32 has port led[13] driven by constant 0
WARNING: [Synth 8-3917] design top32 has port led[12] driven by constant 0
WARNING: [Synth 8-3917] design top32 has port led[11] driven by constant 0
WARNING: [Synth 8-3917] design top32 has port led[10] driven by constant 0
WARNING: [Synth 8-3917] design top32 has port led[9] driven by constant 0
WARNING: [Synth 8-3917] design top32 has port led[8] driven by constant 0
WARNING: [Synth 8-3917] design top32 has port led[7] driven by constant 0
WARNING: [Synth 8-3917] design top32 has port led[6] driven by constant 0
WARNING: [Synth 8-3917] design top32 has port led[5] driven by constant 0
WARNING: [Synth 8-3917] design top32 has port led[4] driven by constant 0
WARNING: [Synth 8-3917] design top32 has port led[3] driven by constant 0
WARNING: [Synth 8-3917] design top32 has port led[2] driven by constant 0
WARNING: [Synth 8-3917] design top32 has port seg_dp driven by constant 1
WARNING: [Synth 8-3331] design top32 has unconnected port sw[14]
WARNING: [Synth 8-3331] design top32 has unconnected port sw[13]
WARNING: [Synth 8-3331] design top32 has unconnected port sw[12]
WARNING: [Synth 8-3331] design top32 has unconnected port sw[11]
WARNING: [Synth 8-3331] design top32 has unconnected port sw[10]
WARNING: [Synth 8-3331] design top32 has unconnected port sw[9]
WARNING: [Synth 8-3331] design top32 has unconnected port sw[8]
WARNING: [Synth 8-3331] design top32 has unconnected port btn[3]
WARNING: [Synth 8-3331] design top32 has unconnected port btn[2]
WARNING: [Synth 8-3331] design top32 has unconnected port btn[1]
WARNING: [Synth 8-3331] design top32 has unconnected port btn[0]
---------------------------------------------------------------------------------
Finished Cross Boundary and Area Optimization : Time (s): cpu = 00:00:05 ; elapsed = 00:00:06 . Memory (MB): peak = 735.637 ; gain = 468.059
---------------------------------------------------------------------------------

Report RTL Partitions: 
+-+--------------+------------+----------+
| |RTL Partition |Replication |Instances |
+-+--------------+------------+----------+
+-+--------------+------------+----------+
---------------------------------------------------------------------------------
Start Applying XDC Timing Constraints
---------------------------------------------------------------------------------
---------------------------------------------------------------------------------
Finished Applying XDC Timing Constraints : Time (s): cpu = 00:00:08 ; elapsed = 00:00:10 . Memory (MB): peak = 741.512 ; gain = 473.934
---------------------------------------------------------------------------------
---------------------------------------------------------------------------------
Start Timing Optimization
---------------------------------------------------------------------------------
---------------------------------------------------------------------------------
Finished Timing Optimization : Time (s): cpu = 00:00:09 ; elapsed = 00:00:10 . Memory (MB): peak = 741.586 ; gain = 474.008
---------------------------------------------------------------------------------

Report RTL Partitions: 
+-+--------------+------------+----------+
| |RTL Partition |Replication |Instances |
+-+--------------+------------+----------+
+-+--------------+------------+----------+
---------------------------------------------------------------------------------
Start Technology Mapping
---------------------------------------------------------------------------------
---------------------------------------------------------------------------------
Finished Technology Mapping : Time (s): cpu = 00:00:09 ; elapsed = 00:00:10 . Memory (MB): peak = 752.715 ; gain = 485.137
---------------------------------------------------------------------------------

Report RTL Partitions: 
+-+--------------+------------+----------+
| |RTL Partition |Replication |Instances |
+-+--------------+------------+----------+
+-+--------------+------------+----------+
---------------------------------------------------------------------------------
Start IO Insertion
---------------------------------------------------------------------------------
---------------------------------------------------------------------------------
Start Flattening Before IO Insertion
---------------------------------------------------------------------------------
---------------------------------------------------------------------------------
Finished Flattening Before IO Insertion
---------------------------------------------------------------------------------
---------------------------------------------------------------------------------
Start Final Netlist Cleanup
---------------------------------------------------------------------------------
---------------------------------------------------------------------------------
Finished Final Netlist Cleanup
---------------------------------------------------------------------------------
---------------------------------------------------------------------------------
Finished IO Insertion : Time (s): cpu = 00:00:09 ; elapsed = 00:00:10 . Memory (MB): peak = 752.715 ; gain = 485.137
---------------------------------------------------------------------------------

Report Check Netlist: 
+------+------------------+-------+---------+-------+------------------+
|      |Item              |Errors |Warnings |Status |Description       |
+------+------------------+-------+---------+-------+------------------+
|1     |multi_driven_nets |      0|        0|Passed |Multi driven nets |
+------+------------------+-------+---------+-------+------------------+
---------------------------------------------------------------------------------
Start Renaming Generated Instances
---------------------------------------------------------------------------------
---------------------------------------------------------------------------------
Finished Renaming Generated Instances : Time (s): cpu = 00:00:09 ; elapsed = 00:00:10 . Memory (MB): peak = 752.715 ; gain = 485.137
---------------------------------------------------------------------------------

Report RTL Partitions: 
+-+--------------+------------+----------+
| |RTL Partition |Replication |Instances |
+-+--------------+------------+----------+
+-+--------------+------------+----------+
---------------------------------------------------------------------------------
Start Rebuilding User Hierarchy
---------------------------------------------------------------------------------
---------------------------------------------------------------------------------
Finished Rebuilding User Hierarchy : Time (s): cpu = 00:00:09 ; elapsed = 00:00:10 . Memory (MB): peak = 752.715 ; gain = 485.137
---------------------------------------------------------------------------------
---------------------------------------------------------------------------------
Start Renaming Generated Ports
---------------------------------------------------------------------------------
---------------------------------------------------------------------------------
Finished Renaming Generated Ports : Time (s): cpu = 00:00:09 ; elapsed = 00:00:10 . Memory (MB): peak = 752.715 ; gain = 485.137
---------------------------------------------------------------------------------
---------------------------------------------------------------------------------
Start Handling Custom Attributes
---------------------------------------------------------------------------------
---------------------------------------------------------------------------------
Finished Handling Custom Attributes : Time (s): cpu = 00:00:09 ; elapsed = 00:00:10 . Memory (MB): peak = 752.715 ; gain = 485.137
---------------------------------------------------------------------------------
---------------------------------------------------------------------------------
Start Renaming Generated Nets
---------------------------------------------------------------------------------
---------------------------------------------------------------------------------
Finished Renaming Generated Nets : Time (s): cpu = 00:00:09 ; elapsed = 00:00:10 . Memory (MB): peak = 752.715 ; gain = 485.137
---------------------------------------------------------------------------------
---------------------------------------------------------------------------------
Start Writing Synthesis Report
---------------------------------------------------------------------------------

Report BlackBoxes: 
+-+--------------+----------+
| |BlackBox name |Instances |
+-+--------------+----------+
+-+--------------+----------+

Report Cell Usage: 
+------+-------+------+
|      |Cell   |Count |
+------+-------+------+
|1     |BUFG   |     1|
|2     |CARRY4 |     5|
|3     |LUT1   |     1|
|4     |LUT2   |     5|
|5     |LUT3   |     1|
|6     |LUT4   |     2|
|7     |LUT5   |     1|
|8     |LUT6   |    11|
|9     |FDCE   |    18|
|10    |IBUF   |    11|
|11    |OBUF   |    28|
+------+-------+------+

Report Instance Areas: 
+------+----------+----------+------+
|      |Instance  |Module    |Cells |
+------+----------+----------+------+
|1     |top       |          |    84|
|2     |  display |digit_mux |    40|
+------+----------+----------+------+
---------------------------------------------------------------------------------
Finished Writing Synthesis Report : Time (s): cpu = 00:00:09 ; elapsed = 00:00:10 . Memory (MB): peak = 752.715 ; gain = 485.137
---------------------------------------------------------------------------------
Synthesis finished with 0 errors, 0 critical warnings and 26 warnings.
Synthesis Optimization Runtime : Time (s): cpu = 00:00:06 ; elapsed = 00:00:07 . Memory (MB): peak = 752.715 ; gain = 167.234
Synthesis Optimization Complete : Time (s): cpu = 00:00:09 ; elapsed = 00:00:11 . Memory (MB): peak = 752.715 ; gain = 485.137
INFO: [Project 1-571] Translating synthesized netlist
INFO: [Netlist 29-17] Analyzing 5 Unisim elements for replacement
INFO: [Netlist 29-28] Unisim Transformation completed in 0 CPU seconds
INFO: [Project 1-570] Preparing netlist for logic optimization
INFO: [Opt 31-138] Pushed 0 inverter(s) to 0 load pin(s).
Netlist sorting complete. Time (s): cpu = 00:00:00 ; elapsed = 00:00:00 . Memory (MB): peak = 763.379 ; gain = 0.000
INFO: [Project 1-111] Unisim Transformation Summary:
No Unisim elements were transformed.

INFO: [Common 17-83] Releasing license: Synthesis
24 Infos, 51 Warnings, 0 Critical Warnings and 0 Errors encountered.
synth_design completed successfully
synth_design: Time (s): cpu = 00:00:10 ; elapsed = 00:00:12 . Memory (MB): peak = 763.379 ; gain = 495.801
Netlist sorting complete. Time (s): cpu = 00:00:00 ; elapsed = 00:00:00 . Memory (MB): peak = 763.379 ; gain = 0.000
WARNING: [Constraints 18-5210] No constraints selected for write.
Resolution: This message can indicate that there are no constraints for the design, or it can indicate that the used_in flags are set such that the constraints are ignored. This later case is used when running synth_design to not write synthesis constraints to the resulting checkpoint. Instead, project constraints are read when the synthesized design is opened.
INFO: [Common 17-1381] The checkpoint 'C:/Users/yanha/Desktop/Vivado project/project_2_jiajianfaqi/project_2_jiajianfaqi.runs/synth_1/top32.dcp' has been generated.
INFO: [runtcl-4] Executing : report_utilization -file top32_utilization_synth.rpt -pb top32_utilization_synth.pb
INFO: [Common 17-206] Exiting Vivado at Wed Oct 29 19:01:26 2025...
